Release 14.7 - ngc2edif P.20131013 (nt64)
Copyright (c) 1995-2013 Xilinx, Inc.  All rights reserved.
Reading design FLIGHT_CTRL_TOP_FPGA_MIMAS.ngc ...
WARNING:NetListWriters:298 - No output is written to
   FLIGHT_CTRL_TOP_FPGA_MIMAS.xncf, ignored.
Processing design ...
   Preping design's networks ...
   Preping design's macros ...
  finished :Prep
Writing EDIF netlist file FLIGHT_CTRL_TOP_FPGA_MIMAS.edif ...
ngc2edif: Total memory usage is 86348 kilobytes

Release 14.7 - ngc2edif P.20131013 (nt64)
Copyright (c) 1995-2013 Xilinx, Inc.  All rights reserved.
Reading design FLIGHT_CTRL_TOP_FPGA_MIMAS.ngc ...
WARNING:NetListWriters:298 - No output is written to
   FLIGHT_CTRL_TOP_FPGA_MIMAS.xncf, ignored.
Processing design ...
   Preping design's networks ...
   Preping design's macros ...
  finished :Prep
Writing EDIF netlist file FLIGHT_CTRL_TOP_FPGA_MIMAS.edif ...
ngc2edif: Total memory usage is 86668 kilobytes

Release 14.7 - ngc2edif P.20131013 (nt64)
Copyright (c) 1995-2013 Xilinx, Inc.  All rights reserved.
Reading design FLIGHT_CTRL_TOP_FPGA_MIMAS.ngc ...
WARNING:NetListWriters:298 - No output is written to
   FLIGHT_CTRL_TOP_FPGA_MIMAS.xncf, ignored.
Processing design ...
   Preping design's networks ...
   Preping design's macros ...
  finished :Prep
Writing EDIF netlist file FLIGHT_CTRL_TOP_FPGA_MIMAS.edif ...
ngc2edif: Total memory usage is 86284 kilobytes

Release 14.7 - ngc2edif P.20131013 (nt64)
Copyright (c) 1995-2013 Xilinx, Inc.  All rights reserved.
Reading design FLIGHT_CTRL_TOP_FPGA_MIMAS.ngc ...
WARNING:NetListWriters:298 - No output is written to
   FLIGHT_CTRL_TOP_FPGA_MIMAS.xncf, ignored.
Processing design ...
   Preping design's networks ...
   Preping design's macros ...
  finished :Prep
Writing EDIF netlist file FLIGHT_CTRL_TOP_FPGA_MIMAS.edif ...
ngc2edif: Total memory usage is 83732 kilobytes

Release 14.7 - ngc2edif P.20131013 (nt64)
Copyright (c) 1995-2013 Xilinx, Inc.  All rights reserved.
Reading design FLIGHT_CTRL_TOP_FPGA_MIMAS.ngc ...
WARNING:NetListWriters:298 - No output is written to
   FLIGHT_CTRL_TOP_FPGA_MIMAS.xncf, ignored.
Processing design ...
   Preping design's networks ...
   Preping design's macros ...
  finished :Prep
Writing EDIF netlist file FLIGHT_CTRL_TOP_FPGA_MIMAS.edif ...
ngc2edif: Total memory usage is 87256 kilobytes

